2022-10-10 15:31:27,350 - INFO 
Swain Lab microscope experiment log file
GIT commit: e5d5e33 fix: changes to a few issues with focus control on Batman.
Microscope name: Batman
Date: 022-10-10 15:31:27
Log file path: D:\AcquisitionDataBatman\Swain Lab\Ivan\RAW DATA\2022\Oct\10-Oct-2022\pH_med_to_low00\pH_med_to_low.log
Micromanager config file: C:\Users\Public\Microscope control\Micromanager config files\Batman_python_15_4_22.cfg
Omero project: Default project
Omero tags: 
Experiment details: Effect on growth and cytoplasmic pH of switch from normal pH (4.25) media to higher pH (5.69). Switching is run using the Oxygen software
-----Acquisition settings-----

2022-10-10 15:31:27,350 - INFO Image Configs:
Image config,Channel,Description,Exposure (ms), Number of Z sections,Z spacing (um),Sectioning method
brightfield1,Brightfield,Default bright field config,30,5,0.6,PIFOC
pHluorin405_0_4,pHluorin405,Phluorin excitation from 405 LED 0.4v and 10ms exposure,5,1,0.6,PIFOC
pHluorin488_0_4,GFPFast,Phluorin excitation from 488 LED 0.4v,10,1,0.6,PIFOC
cy5,cy5,Default cy5,30,1,0.6,PIFOC

Device properties:
Image config,device,property,value
pHluorin405_0_4,DTOL-DAC-1,Volts,0.4
pHluorin488_0_4,DTOL-DAC-2,Volts,0.4
cy5,DTOL-DAC-3,Volts,4

2022-10-10 15:31:27,353 - INFO 
group: YST_247 field: position
Name, X, Y, Z, Autofocus offset
YST_247_001,-8968,-3319,2731.125040696934,123.25
YST_247_002,-8953,-3091,2731.3000406995416,123.25
YST_247_003,-8954,-2849,2731.600040704012,122.8
YST_247_004,-8941,-2611,2730.7750406917185,122.8
YST_247_005,-8697,-2541,2731.4500407017767,118.6
group: YST_247 field: time
start: 0
interval: 300
frames: 180

group: YST_247 field: config
brightfield1: 0xfffffffffffffffffffffffffffffffffffffffffffff
pHluorin405_0_4: 0xfffffffffffffffffffffffffffffffffffffffffffff
pHluorin488_0_4: 0xfffffffffffffffffffffffffffffffffffffffffffff
cy5: 0xfffffffffffffffffffffffffffffffffffffffffffff

2022-10-10 15:31:27,356 - INFO 
group: YST_1510 field: position
Name,X,Y,Z,Autofocus offset
YST_1510_001,-6450,-230,2343.300034917891,112.55
YST_1510_002,-6450,-436,2343.350034918636,112.55
YST_1510_003,-6450,-639,2344.000034928322,116.8
YST_1510_004,-6450,-831,2344.250034932047,116.8
YST_1510_005,-6848,-536,2343.3250349182636,110
group: YST_1510 field: time
start: 0
interval: 300
frames: 180

group: YST_1510 field: config
brightfield1: 0xfffffffffffffffffffffffffffffffffffffffffffff
pHluorin405_0_4: 0xfffffffffffffffffffffffffffffffffffffffffffff
pHluorin488_0_4: 0xfffffffffffffffffffffffffffffffffffffffffffff
cy5: 0xfffffffffffffffffffffffffffffffffffffffffffff
2022-10-10 15:31:27,359 - INFO 
group: YST_1511 field: position
Name, X, Y, Z, Autofocus offset
YST_1511_001,-10618,-1675,2716.900040484965,118.7
YST_1511_002,-10618,-1914,2717.2250404898077,122.45
YST_1511_003,-10367,-1695,2718.2500405050814,120.95
YST_1511_004,-10367,-1937,2718.8250405136496,120.95
YST_1511_005,-10092,-1757,2719.975040530786,119.45

group: YST_1511 field: time
start: 0
interval: 300
frames: 180

group: YST_1511 field: config
brightfield1: 0xfffffffffffffffffffffffffffffffffffffffffffff
pHluorin405_0_4: 0xfffffffffffffffffffffffffffffffffffffffffffff
pHluorin488_0_4: 0xfffffffffffffffffffffffffffffffffffffffffffff
cy5: 0xfffffffffffffffffffffffffffffffffffffffffffff

2022-10-10 15:31:27,362 - INFO 
group: YST_1512 field: position
Name,X,Y,Z,Autofocus offset
YST_1512_001,-8173,-2510,2339.0750348549336,115.65
YST_1512_002,-8173,-2718,2338.0250348392874,110.8
YST_1512_003,-8173,-2963,2336.625034818426,110.8
YST_1512_004,-8457,-2963,2336.350034814328,110.9
YST_1512_005,-8481,-2706,2337.575034832582,113.3
group: YST_1512 field: time
start: 0
interval: 300
frames: 180

group: YST_1512 field: config
brightfield1: 0xfffffffffffffffffffffffffffffffffffffffffffff
pHluorin405_0_4: 0xfffffffffffffffffffffffffffffffffffffffffffff
pHluorin488_0_4: 0xfffffffffffffffffffffffffffffffffffffffffffff
cy5: 0xfffffffffffffffffffffffffffffffffffffffffffff

2022-10-10 15:31:27,365 - INFO 
group: YST_1513 field: position
Name,X,Y,Z,Autofocus offset
YST_1513_001,-6978,-2596,2339.8750348668545,113.3
YST_1513_002,-6978,-2380,2340.500034876168,113.3
YST_1513_003,-6971,-2163,2340.8750348817557,113.3
YST_1513_004,-6971,-1892,2341.2500348873436,113.3
YST_1513_005,-6692,-1892,2341.550034891814,113.3
group: YST_1513 field: time
start: 0
interval: 300
frames: 180

group: YST_1513 field: config
brightfield1: 0xfffffffffffffffffffffffffffffffffffffffffffff
pHluorin405_0_4: 0xfffffffffffffffffffffffffffffffffffffffffffff
pHluorin488_0_4: 0xfffffffffffffffffffffffffffffffffffffffffffff
cy5: 0xfffffffffffffffffffffffffffffffffffffffffffff

2022-10-10 15:31:27,365 - INFO 
2022-10-10 15:31:27,365 - INFO 
-----Experiment started-----
